[21:37:06] [main/INFO]: Loading tweak class name optifine.OptiFineTweaker
[21:37:06] [main/INFO]: Using primary tweak class name optifine.OptiFineTweaker
[21:37:06] [main/INFO]: Calling tweak class optifine.OptiFineTweaker
[21:37:06] [main/INFO]: Launching wrapped minecraft {net.minecraft.client.main.Main}
[21:37:07] [main/INFO]: [OptiFine] (Reflector) Field not found: World.tileEntitiesToBeRemoved
[21:37:07] [main/INFO]: [OptiFine] (Reflector) Class not present: net.minecraftforge.eventbus.api.Event$Result
[21:37:07] [main/INFO]: [OptiFine] (Reflector) Method not present: net.minecraftforge.common.extensions.IForgeBlockState.hasTileEntity
[21:37:07] [main/INFO]: [OptiFine] (Reflector) Class not present: net.minecraftforge.common.extensions.IForgeEntity
[21:37:07] [main/INFO]: [OptiFine] (Reflector) Class not present: net.minecraftforge.fml.CrashReportExtender
[21:37:12] [main/INFO]: [OptiFine] (Reflector) Class not present: net.minecraftforge.client.ForgeHooksClient
[21:37:12] [main/INFO]: Environment: authHost='https://authserver.mojang.com', accountsHost='https://api.mojang.com', sessionHost='https://sessionserver.mojang.com', name='PROD'
[21:37:12] [main/INFO]: Setting user: Gudai
[21:37:13] [main/INFO]: [OptiFine] (Reflector) Class not present: net.minecraftforge.client.settings.KeyConflictContext
[21:37:13] [main/INFO]: Backend library: LWJGL version 3.2.2 build 10
[21:37:13] [main/INFO]: [OptiFine] (Reflector) Class not present: net.minecraftforge.fml.loading.progress.EarlyProgressVisualization
[21:37:14] [main/INFO]: [OptiFine] 
[21:37:14] [main/INFO]: [OptiFine] OptiFine_1.16.3_HD_U_G3_pre1
[21:37:14] [main/INFO]: [OptiFine] Build: 20200911-031943
[21:37:14] [main/INFO]: [OptiFine] OS: Mac OS X (x86_64) version 10.16
[21:37:14] [main/INFO]: [OptiFine] Java: 1.8.0_261, Oracle Corporation
[21:37:14] [main/INFO]: [OptiFine] VM: Java HotSpot(TM) 64-Bit Server VM (mixed mode), Oracle Corporation
[21:37:14] [main/INFO]: [OptiFine] LWJGL: 3.3.0 Cocoa NSGL EGL OSMesa dynamic
[21:37:14] [main/INFO]: [OptiFine] OpenGL: Intel(R) Iris(TM) Graphics 550, version 2.1 INTEL-16.0.31, Intel Inc.
[21:37:14] [main/INFO]: [OptiFine] OpenGL Version: 2.1.0
[21:37:14] [main/INFO]: [OptiFine] Maximum texture size: 16384x16384
[21:37:14] [VersionCheck/INFO]: [OptiFine] Checking for new version
[21:37:14] [main/INFO]: [Shaders] OpenGL Version: 2.1 INTEL-16.0.31
[21:37:14] [main/INFO]: [Shaders] Vendor:  Intel Inc.
[21:37:14] [main/INFO]: [Shaders] Renderer: Intel(R) Iris(TM) Graphics 550
[21:37:14] [main/INFO]: [Shaders] Capabilities:  2.0  2.1  -  -  - 
[21:37:14] [main/INFO]: [Shaders] GL_MAX_DRAW_BUFFERS: 8
[21:37:14] [main/INFO]: [Shaders] GL_MAX_COLOR_ATTACHMENTS_EXT: 8
[21:37:14] [main/INFO]: [Shaders] GL_MAX_TEXTURE_IMAGE_UNITS: 16
[21:37:14] [main/INFO]: [Shaders] Load shaders configuration.
[21:37:14] [main/INFO]: [Shaders] Save shaders configuration.
[21:37:14] [main/INFO]: [Shaders] No shaderpack loaded.
[21:37:14] [main/INFO]: [OptiFine] (Reflector) Class not present: net.minecraftforge.fml.common.Loader
[21:37:14] [main/INFO]: [OptiFine] VboRegions not supported, missing: OpenGL 1.3, ARB_copy_buffer
[21:37:14] [main/INFO]: [OptiFine] (Reflector) Class not present: net.minecraftforge.client.ItemModelMesherForge
[21:37:15] [main/INFO]: [OptiFine] (Reflector) Class not present: net.minecraftforge.client.model.pipeline.ForgeBlockModelRenderer
[21:37:15] [VersionCheck/INFO]: [OptiFine] java.io.FileNotFoundException: http://optifine.net/version/1.16.3/HD_U.txt
[21:37:16] [main/INFO]: [OptiFine] (Reflector) Class not present: net.minecraftforge.fml.client.gui.screen.ModListScreen
[21:37:16] [main/INFO]: [OptiFine] (Reflector) Class not present: net.minecraftforge.client.gui.NotificationModUpdateScreen
[21:37:16] [main/INFO]: Reloading ResourceManager: Default
[21:37:16] [main/INFO]: [OptiFine] *** Reloading textures ***
[21:37:16] [main/INFO]: [OptiFine] Resource packs: Default
[21:37:16] [main/INFO]: [OptiFine] (Reflector) Method not present: dzt.canRenderInLayer
[21:37:16] [main/INFO]: [OptiFine] *** Reflector Forge ***
[21:37:16] [main/INFO]: [OptiFine] (Reflector) Class not present: mods.betterfoliage.client.BetterFoliageClient
[21:37:16] [main/INFO]: [OptiFine] (Reflector) Class not present: net.minecraftforge.fml.BrandingControl
[21:37:16] [main/INFO]: [OptiFine] (Reflector) Class not present: net.minecraftforge.common.capabilities.ICapabilityProvider
[21:37:16] [main/INFO]: [OptiFine] (Reflector) Class not present: net.minecraftforge.common.capabilities.CapabilityProvider
[21:37:16] [main/INFO]: [OptiFine] (Reflector) Class not present: net.minecraftforge.fml.client.ClientModLoader
[21:37:16] [main/INFO]: [OptiFine] (Reflector) Class not present: net.minecraftforge.event.world.ChunkDataEvent$Save
[21:37:16] [main/INFO]: [OptiFine] (Reflector) Class not present: net.minecraftforge.event.world.ChunkEvent$Load
[21:37:16] [main/INFO]: [OptiFine] (Reflector) Class not present: net.minecraftforge.event.world.ChunkEvent$Unload
[21:37:16] [main/INFO]: [OptiFine] (Reflector) Class not present: net.minecraftforge.fml.client.ClientHooks
[21:37:16] [main/INFO]: [OptiFine] (Reflector) Class not present: net.minecraftforge.client.event.GuiScreenEvent$DrawScreenEvent$Pre
[21:37:16] [main/INFO]: [OptiFine] (Reflector) Class not present: net.minecraftforge.client.event.GuiScreenEvent$DrawScreenEvent$Post
[21:37:16] [main/INFO]: [OptiFine] (Reflector) Class not present: net.minecraftforge.event.entity.EntityLeaveWorldEvent
[21:37:16] [main/INFO]: [OptiFine] (Reflector) Class not present: net.minecraftforge.client.event.EntityViewRenderEvent$CameraSetup
[21:37:16] [main/INFO]: [OptiFine] (Reflector) Class not present: net.minecraftforge.client.event.EntityViewRenderEvent$FogColors
[21:37:16] [main/INFO]: [OptiFine] (Reflector) Class not present: net.minecraftforge.client.event.EntityViewRenderEvent$RenderFogEvent
[21:37:16] [main/INFO]: [OptiFine] (Reflector) Class not present: net.minecraftforge.event.entity.EntityJoinWorldEvent
[21:37:16] [main/INFO]: [OptiFine] (Reflector) Method not present: net.minecraftforge.eventbus.api.Event.isCanceled
[21:37:16] [main/INFO]: [OptiFine] (Reflector) Method not present: net.minecraftforge.eventbus.api.Event.getResult
[21:37:16] [main/INFO]: [OptiFine] (Reflector) Class not present: net.minecraftforge.eventbus.api.IEventBus
[21:37:16] [main/INFO]: [OptiFine] (Reflector) Class not present: net.minecraftforge.common.extensions.IForgeBlock
[21:37:16] [main/INFO]: [OptiFine] (Reflector) Method not present: eao.getTexture
[21:37:16] [main/INFO]: [OptiFine] (Reflector) Method not present: net.minecraftforge.common.extensions.IForgeBlockState.addDestroyEffects
[21:37:16] [main/INFO]: [OptiFine] (Reflector) Method not present: net.minecraftforge.common.extensions.IForgeBlockState.addHitEffects
[21:37:16] [main/INFO]: [OptiFine] (Reflector) Method not present: net.minecraftforge.common.extensions.IForgeBlockState.getLightValue
[21:37:16] [main/INFO]: [OptiFine] (Reflector) Method not present: net.minecraftforge.common.extensions.IForgeBlockState.getSoundType
[21:37:16] [main/INFO]: [OptiFine] (Reflector) Method not present: net.minecraftforge.common.extensions.IForgeBlockState.getStateAtViewpoint
[21:37:16] [main/INFO]: [OptiFine] (Reflector) Method not present: net.minecraftforge.common.extensions.IForgeBlockState.isAir
[21:37:16] [main/INFO]: [OptiFine] (Reflector) Method not present: net.minecraftforge.common.extensions.IForgeBlockState.shouldDisplayFluidOverlay
[21:37:16] [main/INFO]: [OptiFine] (Reflector) Class not present: net.minecraftforge.common.extensions.IForgeFluid
[21:37:16] [main/INFO]: [OptiFine] (Reflector) Class not present: net.minecraftforge.fluids.FluidAttributes
[21:37:16] [main/INFO]: [OptiFine] (Reflector) Method not present: aqb.getTags
[21:37:16] [main/INFO]: [OptiFine] (Reflector) Class not present: net.minecraftforge.event.ForgeEventFactory
[21:37:16] [main/INFO]: [OptiFine] (Reflector) Method not present: cut.getTags
[21:37:16] [main/INFO]: [OptiFine] (Reflector) Class not present: net.minecraftforge.common.ForgeHooks
[21:37:16] [main/INFO]: [OptiFine] (Reflector) Class not present: net.minecraftforge.common.ForgeConfig
[21:37:16] [main/INFO]: [OptiFine] (Reflector) Class not present: net.minecraftforge.common.ForgeConfig$Client
[21:37:16] [main/INFO]: [OptiFine] (Reflector) Class not present: net.minecraftforge.common.ForgeConfigSpec
[21:37:16] [main/INFO]: [OptiFine] (Reflector) Class not present: net.minecraftforge.common.ForgeConfigSpec$ConfigValue
[21:37:16] [main/INFO]: [OptiFine] (Reflector) Method not present: cft.getWorldForge
[21:37:16] [main/INFO]: [OptiFine] (Reflector) Class not present: net.minecraftforge.common.extensions.IForgeItem
[21:37:16] [main/INFO]: [OptiFine] (Reflector) Class not present: net.minecraftforge.common.extensions.IForgeItemStack
[21:37:16] [main/INFO]: [OptiFine] (Reflector) Class not present: net.minecraftforge.fml.ForgeI18n
[21:37:16] [main/INFO]: [OptiFine] (Reflector) Method not present: djt.setKeyConflictContext
[21:37:16] [main/INFO]: [OptiFine] (Reflector) Method not present: djt.setKeyModifierAndCode
[21:37:16] [main/INFO]: [OptiFine] (Reflector) Method not present: djt.getKeyModifier
[21:37:16] [main/INFO]: [OptiFine] (Reflector) Class not present: net.minecraftforge.common.extensions.IForgeEffectInstance
[21:37:16] [main/INFO]: [OptiFine] (Reflector) Class not present: net.minecraftforge.registries.ForgeRegistryEntry
[21:37:16] [main/INFO]: [OptiFine] (Reflector) Method not present: dzt.canRenderInLayer
[21:37:16] [main/INFO]: [OptiFine] (Reflector) Class not present: net.minecraftforge.common.extensions.IForgeTileEntity
[21:37:16] [main/INFO]: [OptiFine] (Reflector) Class not present: net.minecraftforge.common.extensions.IForgeDimension
[21:37:16] [main/INFO]: [OptiFine] (Reflector) Class not present: net.minecraftforge.client.settings.KeyModifier
[21:37:16] [main/INFO]: [OptiFine] (Reflector) Class not present: net.minecraftforge.client.model.pipeline.LightUtil
[21:37:16] [main/INFO]: [OptiFine] (Reflector) Class not present: net.minecraftforge.common.MinecraftForge
[21:37:16] [main/INFO]: [OptiFine] (Reflector) Class not present: net.minecraftforge.client.MinecraftForgeClient
[21:37:16] [main/INFO]: [OptiFine] (Reflector) Class not present: net.minecraftforge.fml.common.ModContainer
[21:37:16] [main/INFO]: [OptiFine] (Reflector) Class not present: net.minecraftforge.client.model.ModelLoaderRegistry
[21:37:16] [main/INFO]: [OptiFine] (Reflector) Class not present: net.minecraftforge.event.entity.PlaySoundAtEntityEvent
[21:37:16] [main/INFO]: [OptiFine] (Reflector) Class not present: net.minecraftforge.client.event.RenderBlockOverlayEvent$OverlayType
[21:37:16] [main/INFO]: [OptiFine] (Reflector) Class not present: net.minecraftforge.fml.client.registry.RenderingRegistry
[21:37:16] [main/INFO]: [OptiFine] (Reflector) Class not present: net.minecraftforge.client.event.RenderItemInFrameEvent
[21:37:16] [main/INFO]: [OptiFine] (Reflector) Class not present: net.minecraftforge.client.event.RenderLivingEvent$Pre
[21:37:16] [main/INFO]: [OptiFine] (Reflector) Class not present: net.minecraftforge.client.event.RenderLivingEvent$Post
[21:37:16] [main/INFO]: [OptiFine] (Reflector) Class not present: net.minecraftforge.client.event.RenderNameplateEvent
[21:37:16] [main/INFO]: [OptiFine] (Reflector) Class not present: net.minecraftforge.client.event.ScreenshotEvent
[21:37:16] [main/INFO]: [OptiFine] (Reflector) Class not present: net.minecraftforge.fml.server.ServerLifecycleHooks
[21:37:16] [main/INFO]: [OptiFine] (Reflector) Class not present: net.minecraftforge.event.world.WorldEvent$Load
[21:37:16] [main/INFO]: [OptiFine] *** Reflector Vanilla ***
[21:37:18] [Worker-Main-4/INFO]: [OptiFine] Multitexture: false
[21:37:24] [Worker-Main-6/INFO]: [OptiFine] Multitexture: false
[21:37:26] [Worker-Main-5/INFO]: [OptiFine] Multitexture: false
[21:37:26] [Worker-Main-5/INFO]: [OptiFine] ConnectedTextures: optifine/ctm/default/00_glass_white/glass_pane_white.properties
[21:37:26] [Worker-Main-5/INFO]: [OptiFine] ConnectedTextures: optifine/ctm/default/00_glass_white/glass_white.properties
[21:37:26] [Worker-Main-5/INFO]: [OptiFine] ConnectedTextures: optifine/ctm/default/01_glass_orange/glass_orange.properties
[21:37:26] [Worker-Main-5/INFO]: [OptiFine] ConnectedTextures: optifine/ctm/default/01_glass_orange/glass_pane_orange.properties
[21:37:26] [Worker-Main-5/INFO]: [OptiFine] ConnectedTextures: optifine/ctm/default/02_glass_magenta/glass_magenta.properties
[21:37:26] [Worker-Main-5/INFO]: [OptiFine] ConnectedTextures: optifine/ctm/default/02_glass_magenta/glass_pane_magenta.properties
[21:37:26] [Worker-Main-5/INFO]: [OptiFine] ConnectedTextures: optifine/ctm/default/03_glass_light_blue/glass_light_blue.properties
[21:37:26] [Worker-Main-5/INFO]: [OptiFine] ConnectedTextures: optifine/ctm/default/03_glass_light_blue/glass_pane_light_blue.properties
[21:37:26] [Worker-Main-5/INFO]: [OptiFine] ConnectedTextures: optifine/ctm/default/04_glass_yellow/glass_pane_yellow.properties
[21:37:26] [Worker-Main-5/INFO]: [OptiFine] ConnectedTextures: optifine/ctm/default/04_glass_yellow/glass_yellow.properties
[21:37:26] [Worker-Main-5/INFO]: [OptiFine] ConnectedTextures: optifine/ctm/default/05_glass_lime/glass_lime.properties
[21:37:26] [Worker-Main-5/INFO]: [OptiFine] ConnectedTextures: optifine/ctm/default/05_glass_lime/glass_pane_lime.properties
[21:37:26] [Worker-Main-5/INFO]: [OptiFine] ConnectedTextures: optifine/ctm/default/06_glass_pink/glass_pane_pink.properties
[21:37:26] [Worker-Main-5/INFO]: [OptiFine] ConnectedTextures: optifine/ctm/default/06_glass_pink/glass_pink.properties
[21:37:26] [Worker-Main-5/INFO]: [OptiFine] ConnectedTextures: optifine/ctm/default/07_glass_gray/glass_gray.properties
[21:37:26] [Worker-Main-5/INFO]: [OptiFine] ConnectedTextures: optifine/ctm/default/07_glass_gray/glass_pane_gray.properties
[21:37:26] [Worker-Main-5/INFO]: [OptiFine] ConnectedTextures: optifine/ctm/default/08_glass_light_gray/glass_light_gray.properties
[21:37:26] [Worker-Main-5/INFO]: [OptiFine] ConnectedTextures: optifine/ctm/default/08_glass_light_gray/glass_pane_light_gray.properties
[21:37:26] [Worker-Main-5/INFO]: [OptiFine] ConnectedTextures: optifine/ctm/default/09_glass_cyan/glass_cyan.properties
[21:37:26] [Worker-Main-5/INFO]: [OptiFine] ConnectedTextures: optifine/ctm/default/09_glass_cyan/glass_pane_cyan.properties
[21:37:26] [Worker-Main-5/INFO]: [OptiFine] ConnectedTextures: optifine/ctm/default/10_glass_purple/glass_pane_purple.properties
[21:37:26] [Worker-Main-5/INFO]: [OptiFine] ConnectedTextures: optifine/ctm/default/10_glass_purple/glass_purple.properties
[21:37:26] [Worker-Main-5/INFO]: [OptiFine] ConnectedTextures: optifine/ctm/default/11_glass_blue/glass_blue.properties
[21:37:26] [Worker-Main-5/INFO]: [OptiFine] ConnectedTextures: optifine/ctm/default/11_glass_blue/glass_pane_blue.properties
[21:37:26] [Worker-Main-5/INFO]: [OptiFine] ConnectedTextures: optifine/ctm/default/12_glass_brown/glass_brown.properties
[21:37:26] [Worker-Main-5/INFO]: [OptiFine] ConnectedTextures: optifine/ctm/default/12_glass_brown/glass_pane_brown.properties
[21:37:26] [Worker-Main-5/INFO]: [OptiFine] ConnectedTextures: optifine/ctm/default/13_glass_green/glass_green.properties
[21:37:26] [Worker-Main-5/INFO]: [OptiFine] ConnectedTextures: optifine/ctm/default/13_glass_green/glass_pane_green.properties
[21:37:26] [Worker-Main-5/INFO]: [OptiFine] ConnectedTextures: optifine/ctm/default/14_glass_red/glass_pane_red.properties
[21:37:26] [Worker-Main-5/INFO]: [OptiFine] ConnectedTextures: optifine/ctm/default/14_glass_red/glass_red.properties
[21:37:26] [Worker-Main-5/INFO]: [OptiFine] ConnectedTextures: optifine/ctm/default/15_glass_black/glass_black.properties
[21:37:26] [Worker-Main-5/INFO]: [OptiFine] ConnectedTextures: optifine/ctm/default/15_glass_black/glass_pane_black.properties
[21:37:26] [Worker-Main-5/INFO]: [OptiFine] ConnectedTextures: optifine/ctm/default/20_glass/glass.properties
[21:37:26] [Worker-Main-5/INFO]: [OptiFine] ConnectedTextures: optifine/ctm/default/20_glass/glass_pane.properties
[21:37:26] [Worker-Main-5/INFO]: [OptiFine] ConnectedTextures: optifine/ctm/default/30_bookshelf/bookshelf.properties
[21:37:26] [Worker-Main-5/INFO]: [OptiFine] ConnectedTextures: optifine/ctm/default/40_sandstone/sandstone.properties
[21:37:26] [Worker-Main-5/INFO]: [OptiFine] ConnectedTextures: optifine/ctm/default/41_red_sandstone/red_sandstone.properties
[21:37:26] [Worker-Main-5/INFO]: [OptiFine] Multipass connected textures: false
[21:37:26] [Worker-Main-5/INFO]: [OptiFine] BetterGrass: Parsing default configuration optifine/bettergrass.properties
[21:37:29] [Worker-Main-5/INFO]: [OptiFine] Mipmap levels: 4
[21:37:29] [Worker-Main-7/INFO]: [OptiFine] Multitexture: false
[21:37:31] [Worker-Main-5/INFO]: [OptiFine] Multitexture: false
[21:37:31] [Worker-Main-5/INFO]: [OptiFine] Sprite size: 64
[21:37:31] [Worker-Main-5/INFO]: [OptiFine] Mipmap levels: 6
[21:37:31] [Worker-Main-5/INFO]: [OptiFine] Multitexture: false
[21:37:31] [Worker-Main-5/INFO]: [OptiFine] Sprite size: 64
[21:37:31] [Worker-Main-5/INFO]: [OptiFine] Mipmap levels: 6
[21:37:31] [Worker-Main-5/INFO]: [OptiFine] Multitexture: false
[21:37:31] [Worker-Main-5/INFO]: [OptiFine] Sprite size: 64
[21:37:31] [Worker-Main-5/INFO]: [OptiFine] Mipmap levels: 6
[21:37:31] [Worker-Main-5/INFO]: [OptiFine] Multitexture: false
[21:37:31] [Worker-Main-5/INFO]: [OptiFine] Sprite size: 64
[21:37:31] [Worker-Main-5/INFO]: [OptiFine] Mipmap levels: 6
[21:37:31] [Worker-Main-5/INFO]: [OptiFine] Multitexture: false
[21:37:31] [Worker-Main-5/INFO]: [OptiFine] Sprite size: 64
[21:37:31] [Worker-Main-5/INFO]: [OptiFine] Mipmap levels: 6
[21:37:31] [Worker-Main-5/INFO]: [OptiFine] Multitexture: false
[21:37:31] [Worker-Main-5/INFO]: [OptiFine] Sprite size: 64
[21:37:31] [Worker-Main-5/INFO]: [OptiFine] Mipmap levels: 6
[21:37:32] [main/INFO]: OpenAL initialized.
[21:37:32] [main/INFO]: Sound engine started
[21:37:33] [main/INFO]: Created: 1024x512x4 minecraft:textures/atlas/blocks.png-atlas
[21:37:33] [main/INFO]: [OptiFine] Animated sprites: 43
[21:37:33] [main/INFO]: Created: 256x128x4 minecraft:textures/atlas/signs.png-atlas
[21:37:33] [main/INFO]: [OptiFine] Animated sprites: 0
[21:37:33] [main/INFO]: Created: 512x512x4 minecraft:textures/atlas/banner_patterns.png-atlas
[21:37:33] [main/INFO]: [OptiFine] Animated sprites: 0
[21:37:33] [main/INFO]: Created: 512x512x4 minecraft:textures/atlas/shield_patterns.png-atlas
[21:37:33] [main/INFO]: [OptiFine] Animated sprites: 0
[21:37:33] [main/INFO]: Created: 256x256x4 minecraft:textures/atlas/chest.png-atlas
[21:37:33] [main/INFO]: [OptiFine] Animated sprites: 0
[21:37:33] [main/INFO]: Created: 512x256x4 minecraft:textures/atlas/beds.png-atlas
[21:37:33] [main/INFO]: [OptiFine] Animated sprites: 0
[21:37:33] [main/INFO]: Created: 512x256x4 minecraft:textures/atlas/shulker_boxes.png-atlas
[21:37:33] [main/INFO]: [OptiFine] Animated sprites: 0
[21:37:34] [main/INFO]: Created: 256x256x0 minecraft:textures/atlas/particles.png-atlas
[21:37:34] [main/INFO]: [OptiFine] Animated sprites: 0
[21:37:34] [main/INFO]: Created: 256x256x0 minecraft:textures/atlas/paintings.png-atlas
[21:37:34] [main/INFO]: [OptiFine] Animated sprites: 0
[21:37:34] [main/INFO]: Created: 128x128x0 minecraft:textures/atlas/mob_effects.png-atlas
[21:37:34] [main/INFO]: [OptiFine] Animated sprites: 0
[21:37:34] [main/INFO]: [OptiFine] *** Reloading custom textures ***
[21:37:36] [main/INFO]: [OptiFine] Disable Forge light pipeline
[21:38:05] [main/INFO]: Stopping!
